# JRE version: Java(TM) SE Runtime Environment (7.0_71-b14) (build 1.7.0_71-b14)
# Java VM: Java HotSpot(TM) 64-Bit Server VM (24.71-b01 mixed mode linux-amd64 compressed oops)
Heap
 PSYoungGen      total 276480K, used 0K [0x00000000eaa80000, 0x0000000100000000, 0x0000000100000000)
  eden space 210944K, 0% used [0x00000000eaa80000,0x00000000eaa80000,0x00000000f7880000)
  from space 65536K, 0% used [0x00000000f7880000,0x00000000f7880000,0x00000000fb880000)
  to   space 64000K, 0% used [0x00000000fc180000,0x00000000fc180000,0x0000000100000000)
 ParOldGen       total 406016K, used 396607K [0x00000000c0000000, 0x00000000d8c80000, 0x00000000eaa80000)
  object space 406016K, 97% used [0x00000000c0000000,0x00000000d834fd08,0x00000000d8c80000)
 PSPermGen       total 21504K, used 6211K [0x00000000bae00000, 0x00000000bc300000, 0x00000000c0000000)
  object space 21504K, 28% used [0x00000000bae00000,0x00000000bb410e50,0x00000000bc300000)
GC Heap History (10 events):
Event: 68.386 GC heap after
Heap after GC invocations=18 (full 2):
 PSYoungGen      total 275456K, used 36242K [0x00000000eaa80000, 0x0000000100000000, 0x0000000100000000)
  eden space 208384K, 0% used [0x00000000eaa80000,0x00000000eaa80000,0x00000000f7600000)
  from space 67072K, 54% used [0x00000000fbe80000,0x00000000fe1e4b48,0x0000000100000000)
  to   space 70656K, 0% used [0x00000000f7600000,0x00000000f7600000,0x00000000fbb00000)
 ParOldGen       total 271360K, used 267706K [0x00000000c0000000, 0x00000000d0900000, 0x00000000eaa80000)
  object space 271360K, 98% used [0x00000000c0000000,0x00000000d056ead8,0x00000000d0900000)
 PSPermGen       total 21504K, used 6154K [0x00000000bae00000, 0x00000000bc300000, 0x00000000c0000000)
  object space 21504K, 28% used [0x00000000bae00000,0x00000000bb402b28,0x00000000bc300000)
}
Event: 68.444 GC heap before
{Heap before GC invocations=19 (full 3):
 PSYoungGen      total 275456K, used 36242K [0x00000000eaa80000, 0x0000000100000000, 0x0000000100000000)
  eden space 208384K, 0% used [0x00000000eaa80000,0x00000000eaa80000,0x00000000f7600000)
  from space 67072K, 54% used [0x00000000fbe80000,0x00000000fe1e4b48,0x0000000100000000)
  to   space 70656K, 0% used [0x00000000f7600000,0x00000000f7600000,0x00000000fbb00000)
 ParOldGen       total 271360K, used 267706K [0x00000000c0000000, 0x00000000d0900000, 0x00000000eaa80000)
  object space 271360K, 98% used [0x00000000c0000000,0x00000000d056ead8,0x00000000d0900000)
 PSPermGen       total 21504K, used 6154K [0x00000000bae00000, 0x00000000bc300000, 0x00000000c0000000)
  object space 21504K, 28% used [0x00000000bae00000,0x00000000bb402b28,0x00000000bc300000)
Event: 72.065 GC heap after
Heap after GC invocations=19 (full 3):
 PSYoungGen      total 275456K, used 28315K [0x00000000eaa80000, 0x0000000100000000, 0x0000000100000000)
  eden space 208384K, 0% used [0x00000000eaa80000,0x00000000eaa80000,0x00000000f7600000)
  from space 67072K, 42% used [0x00000000fbe80000,0x00000000fda26e00,0x0000000100000000)
  to   space 70656K, 0% used [0x00000000f7600000,0x00000000f7600000,0x00000000fbb00000)
 ParOldGen       total 406016K, used 271243K [0x00000000c0000000, 0x00000000d8c80000, 0x00000000eaa80000)
  object space 406016K, 66% used [0x00000000c0000000,0x00000000d08e2d38,0x00000000d8c80000)
 PSPermGen       total 21504K, used 6154K [0x00000000bae00000, 0x00000000bc300000, 0x00000000c0000000)
  object space 21504K, 28% used [0x00000000bae00000,0x00000000bb402a48,0x00000000bc300000)
}
Event: 73.745 GC heap before
{Heap before GC invocations=20 (full 3):
 PSYoungGen      total 275456K, used 236699K [0x00000000eaa80000, 0x0000000100000000, 0x0000000100000000)
  eden space 208384K, 100% used [0x00000000eaa80000,0x00000000f7600000,0x00000000f7600000)
  from space 67072K, 42% used [0x00000000fbe80000,0x00000000fda26e00,0x0000000100000000)
  to   space 70656K, 0% used [0x00000000f7600000,0x00000000f7600000,0x00000000fbb00000)
 ParOldGen       total 406016K, used 271243K [0x00000000c0000000, 0x00000000d8c80000, 0x00000000eaa80000)
  object space 406016K, 66% used [0x00000000c0000000,0x00000000d08e2d38,0x00000000d8c80000)
 PSPermGen       total 21504K, used 6160K [0x00000000bae00000, 0x00000000bc300000, 0x00000000c0000000)
  object space 21504K, 28% used [0x00000000bae00000,0x00000000bb404338,0x00000000bc300000)
Event: 77.579 GC heap after
Heap after GC invocations=20 (full 3):
 PSYoungGen      total 279040K, used 33796K [0x00000000eaa80000, 0x00000000ffe80000, 0x0000000100000000)
  eden space 208384K, 0% used [0x00000000eaa80000,0x00000000eaa80000,0x00000000f7600000)
  from space 70656K, 47% used [0x00000000f7600000,0x00000000f9701380,0x00000000fbb00000)
  to   space 68096K, 0% used [0x00000000fbc00000,0x00000000fbc00000,0x00000000ffe80000)
 ParOldGen       total 406016K, used 298544K [0x00000000c0000000, 0x00000000d8c80000, 0x00000000eaa80000)
  object space 406016K, 73% used [0x00000000c0000000,0x00000000d238c2f0,0x00000000d8c80000)
 PSPermGen       total 21504K, used 6160K [0x00000000bae00000, 0x00000000bc300000, 0x00000000c0000000)
  object space 21504K, 28% used [0x00000000bae00000,0x00000000bb404338,0x00000000bc300000)
}
Event: 94.655 GC heap before
{Heap before GC invocations=21 (full 3):
 PSYoungGen      total 279040K, used 242180K [0x00000000eaa80000, 0x00000000ffe80000, 0x0000000100000000)
  eden space 208384K, 100% used [0x00000000eaa80000,0x00000000f7600000,0x00000000f7600000)
  from space 70656K, 47% used [0x00000000f7600000,0x00000000f9701380,0x00000000fbb00000)
  to   space 68096K, 0% used [0x00000000fbc00000,0x00000000fbc00000,0x00000000ffe80000)
 ParOldGen       total 406016K, used 298544K [0x00000000c0000000, 0x00000000d8c80000, 0x00000000eaa80000)
  object space 406016K, 73% used [0x00000000c0000000,0x00000000d238c2f0,0x00000000d8c80000)
 PSPermGen       total 21504K, used 6199K [0x00000000bae00000, 0x00000000bc300000, 0x00000000c0000000)
  object space 21504K, 28% used [0x00000000bae00000,0x00000000bb40dd08,0x00000000bc300000)
Event: 96.456 GC heap after
Heap after GC invocations=21 (full 3):
 PSYoungGen      total 272896K, used 33381K [0x00000000eaa80000, 0x00000000ff880000, 0x0000000100000000)
  eden space 210944K, 0% used [0x00000000eaa80000,0x00000000eaa80000,0x00000000f7880000)
  from space 61952K, 53% used [0x00000000fbc00000,0x00000000fdc99730,0x00000000ff880000)
  to   space 65536K, 0% used [0x00000000f7880000,0x00000000f7880000,0x00000000fb880000)
 ParOldGen       total 406016K, used 330717K [0x00000000c0000000, 0x00000000d8c80000, 0x00000000eaa80000)
  object space 406016K, 81% used [0x00000000c0000000,0x00000000d42f76f8,0x00000000d8c80000)
 PSPermGen       total 21504K, used 6199K [0x00000000bae00000, 0x00000000bc300000, 0x00000000c0000000)
  object space 21504K, 28% used [0x00000000bae00000,0x00000000bb40dd08,0x00000000bc300000)
}
Event: 100.696 GC heap before
{Heap before GC invocations=22 (full 3):
 PSYoungGen      total 272896K, used 244325K [0x00000000eaa80000, 0x00000000ff880000, 0x0000000100000000)
  eden space 210944K, 100% used [0x00000000eaa80000,0x00000000f7880000,0x00000000f7880000)
  from space 61952K, 53% used [0x00000000fbc00000,0x00000000fdc99730,0x00000000ff880000)
  to   space 65536K, 0% used [0x00000000f7880000,0x00000000f7880000,0x00000000fb880000)
 ParOldGen       total 406016K, used 330717K [0x00000000c0000000, 0x00000000d8c80000, 0x00000000eaa80000)
  object space 406016K, 81% used [0x00000000c0000000,0x00000000d42f76f8,0x00000000d8c80000)
 PSPermGen       total 21504K, used 6211K [0x00000000bae00000, 0x00000000bc300000, 0x00000000c0000000)
  object space 21504K, 28% used [0x00000000bae00000,0x00000000bb410e90,0x00000000bc300000)
Event: 103.431 GC heap after
Heap after GC invocations=22 (full 3):
 PSYoungGen      total 276480K, used 35098K [0x00000000eaa80000, 0x0000000100000000, 0x0000000100000000)
  eden space 210944K, 0% used [0x00000000eaa80000,0x00000000eaa80000,0x00000000f7880000)
  from space 65536K, 53% used [0x00000000f7880000,0x00000000f9ac6970,0x00000000fb880000)
  to   space 64000K, 0% used [0x00000000fc180000,0x00000000fc180000,0x0000000100000000)
 ParOldGen       total 406016K, used 362751K [0x00000000c0000000, 0x00000000d8c80000, 0x00000000eaa80000)
  object space 406016K, 89% used [0x00000000c0000000,0x00000000d623fd98,0x00000000d8c80000)
 PSPermGen       total 21504K, used 6211K [0x00000000bae00000, 0x00000000bc300000, 0x00000000c0000000)
  object space 21504K, 28% used [0x00000000bae00000,0x00000000bb410e90,0x00000000bc300000)
}
Event: 103.596 GC heap before
{Heap before GC invocations=23 (full 4):
 PSYoungGen      total 276480K, used 35098K [0x00000000eaa80000, 0x0000000100000000, 0x0000000100000000)
  eden space 210944K, 0% used [0x00000000eaa80000,0x00000000eaa80000,0x00000000f7880000)
  from space 65536K, 53% used [0x00000000f7880000,0x00000000f9ac6970,0x00000000fb880000)
  to   space 64000K, 0% used [0x00000000fc180000,0x00000000fc180000,0x0000000100000000)
 ParOldGen       total 406016K, used 362751K [0x00000000c0000000, 0x00000000d8c80000, 0x00000000eaa80000)
  object space 406016K, 89% used [0x00000000c0000000,0x00000000d623fd98,0x00000000d8c80000)
 PSPermGen       total 21504K, used 6211K [0x00000000bae00000, 0x00000000bc300000, 0x00000000c0000000)
  object space 21504K, 28% used [0x00000000bae00000,0x00000000bb410e90,0x00000000bc300000)

